2017-04-05 06:43:17 add xenial deb main amd64 aupthreatfeeddeploy.ns 1.383
2017-04-05 06:43:19 add xenial deb main amd64 rpmthreatfeeddeploy.ns 1.383
2017-04-05 06:43:21 add xenial deb main amd64 threat-feed.ns 1.383
2017-04-05 06:43:32 add xenial deb main amd64 threat-feed-meta.ns 1.383
2017-04-07 02:01:54 remove xenial deb main amd64 aupthreatfeeddeploy.ns 1.383
2017-04-07 02:01:55 remove xenial deb main amd64 rpmthreatfeeddeploy.ns 1.383
2017-04-07 02:01:55 remove xenial deb main amd64 threat-feed.ns 1.383
2017-04-07 02:01:56 remove xenial deb main amd64 threat-feed-meta.ns 1.383
2017-04-07 02:01:57 add xenial deb main amd64 aupthreatfeeddeploy.ns 1.384
2017-04-07 02:01:59 add xenial deb main amd64 rpmthreatfeeddeploy.ns 1.384
2017-04-07 02:02:01 add xenial deb main amd64 threat-feed.ns 1.384
2017-04-07 02:02:12 add xenial deb main amd64 threat-feed-meta.ns 1.384
2017-04-07 22:50:01 remove xenial deb main amd64 aupthreatfeeddeploy.ns 1.384
2017-04-07 22:50:02 remove xenial deb main amd64 rpmthreatfeeddeploy.ns 1.384
2017-04-07 22:50:02 remove xenial deb main amd64 threat-feed.ns 1.384
2017-04-07 22:50:03 remove xenial deb main amd64 threat-feed-meta.ns 1.384
2017-04-07 22:50:04 add xenial deb main amd64 aupthreatfeeddeploy.ns 1.385
2017-04-07 22:50:06 add xenial deb main amd64 rpmthreatfeeddeploy.ns 1.385
2017-04-07 22:50:08 add xenial deb main amd64 threat-feed.ns 1.385
2017-04-07 22:50:19 add xenial deb main amd64 threat-feed-meta.ns 1.385
2017-04-08 16:32:20 remove xenial deb main amd64 aupthreatfeeddeploy.ns 1.385
2017-04-08 16:32:20 remove xenial deb main amd64 rpmthreatfeeddeploy.ns 1.385
2017-04-08 16:32:20 remove xenial deb main amd64 threat-feed.ns 1.385
2017-04-08 16:32:21 remove xenial deb main amd64 threat-feed-meta.ns 1.385
2017-04-08 16:32:23 add xenial deb main amd64 aupthreatfeeddeploy.ns 1.386
2017-04-08 16:32:24 add xenial deb main amd64 rpmthreatfeeddeploy.ns 1.386
2017-04-08 16:32:26 add xenial deb main amd64 threat-feed.ns 1.386
2017-04-08 16:32:38 add xenial deb main amd64 threat-feed-meta.ns 1.386
2017-04-09 23:11:22 remove xenial deb main amd64 aupthreatfeeddeploy.ns 1.386
2017-04-09 23:11:23 remove xenial deb main amd64 rpmthreatfeeddeploy.ns 1.386
2017-04-09 23:11:23 remove xenial deb main amd64 threat-feed.ns 1.386
2017-04-09 23:11:24 remove xenial deb main amd64 threat-feed-meta.ns 1.386
2017-04-09 23:11:26 add xenial deb main amd64 aupthreatfeeddeploy.ns 1.387
2017-04-09 23:11:27 add xenial deb main amd64 rpmthreatfeeddeploy.ns 1.387
2017-04-09 23:11:29 add xenial deb main amd64 threat-feed.ns 1.387
2017-04-09 23:11:41 add xenial deb main amd64 threat-feed-meta.ns 1.387
2017-04-11 00:03:11 remove xenial deb main amd64 aupthreatfeeddeploy.ns 1.387
2017-04-11 00:03:12 remove xenial deb main amd64 rpmthreatfeeddeploy.ns 1.387
2017-04-11 00:03:12 remove xenial deb main amd64 threat-feed.ns 1.387
2017-04-11 00:03:12 remove xenial deb main amd64 threat-feed-meta.ns 1.387
2017-04-11 00:03:14 add xenial deb main amd64 aupthreatfeeddeploy.ns 1.388
2017-04-11 00:03:16 add xenial deb main amd64 rpmthreatfeeddeploy.ns 1.388
2017-04-11 00:03:18 add xenial deb main amd64 threat-feed.ns 1.388
2017-04-11 00:03:30 add xenial deb main amd64 threat-feed-meta.ns 1.388
2017-04-11 23:12:36 remove xenial deb main amd64 aupthreatfeeddeploy.ns 1.388
2017-04-11 23:12:36 remove xenial deb main amd64 rpmthreatfeeddeploy.ns 1.388
2017-04-11 23:12:36 remove xenial deb main amd64 threat-feed.ns 1.388
2017-04-11 23:12:37 remove xenial deb main amd64 threat-feed-meta.ns 1.388
2017-04-11 23:12:39 add xenial deb main amd64 aupthreatfeeddeploy.ns 1.389
2017-04-11 23:12:41 add xenial deb main amd64 rpmthreatfeeddeploy.ns 1.389
2017-04-11 23:12:43 add xenial deb main amd64 threat-feed.ns 1.389
2017-04-11 23:12:55 add xenial deb main amd64 threat-feed-meta.ns 1.389
2017-04-12 16:30:33 remove xenial deb main amd64 aupthreatfeeddeploy.ns 1.389
2017-04-12 16:30:33 remove xenial deb main amd64 rpmthreatfeeddeploy.ns 1.389
2017-04-12 16:30:34 remove xenial deb main amd64 threat-feed.ns 1.389
2017-04-12 16:30:34 remove xenial deb main amd64 threat-feed-meta.ns 1.389
2017-04-12 16:30:36 add xenial deb main amd64 aupthreatfeeddeploy.ns 1.390
2017-04-12 16:30:38 add xenial deb main amd64 rpmthreatfeeddeploy.ns 1.390
2017-04-12 16:30:40 add xenial deb main amd64 threat-feed.ns 1.390
2017-04-12 16:30:52 add xenial deb main amd64 threat-feed-meta.ns 1.390
2017-04-13 23:39:38 remove xenial deb main amd64 aupthreatfeeddeploy.ns 1.390
2017-04-13 23:39:39 remove xenial deb main amd64 rpmthreatfeeddeploy.ns 1.390
2017-04-13 23:39:39 remove xenial deb main amd64 threat-feed.ns 1.390
2017-04-13 23:39:40 remove xenial deb main amd64 threat-feed-meta.ns 1.390
2017-04-13 23:39:41 add xenial deb main amd64 aupthreatfeeddeploy.ns 1.391
2017-04-13 23:39:43 add xenial deb main amd64 rpmthreatfeeddeploy.ns 1.391
2017-04-13 23:39:45 add xenial deb main amd64 threat-feed.ns 1.391
2017-04-13 23:39:57 add xenial deb main amd64 threat-feed-meta.ns 1.391
2017-04-15 00:07:53 remove xenial deb main amd64 aupthreatfeeddeploy.ns 1.391
2017-04-15 00:07:54 remove xenial deb main amd64 rpmthreatfeeddeploy.ns 1.391
2017-04-15 00:07:54 remove xenial deb main amd64 threat-feed.ns 1.391
2017-04-15 00:07:55 remove xenial deb main amd64 threat-feed-meta.ns 1.391
2017-04-15 00:07:56 add xenial deb main amd64 aupthreatfeeddeploy.ns 1.392
2017-04-15 00:07:58 add xenial deb main amd64 rpmthreatfeeddeploy.ns 1.392
2017-04-15 00:08:00 add xenial deb main amd64 threat-feed.ns 1.392
2017-04-15 00:08:14 add xenial deb main amd64 threat-feed-meta.ns 1.392
2017-04-15 23:34:44 remove xenial deb main amd64 aupthreatfeeddeploy.ns 1.392
2017-04-15 23:34:44 remove xenial deb main amd64 rpmthreatfeeddeploy.ns 1.392
2017-04-15 23:34:45 remove xenial deb main amd64 threat-feed.ns 1.392
2017-04-15 23:34:45 remove xenial deb main amd64 threat-feed-meta.ns 1.392
2017-04-15 23:34:47 add xenial deb main amd64 aupthreatfeeddeploy.ns 1.393
2017-04-15 23:34:49 add xenial deb main amd64 rpmthreatfeeddeploy.ns 1.393
2017-04-15 23:34:51 add xenial deb main amd64 threat-feed.ns 1.393
2017-04-15 23:35:03 add xenial deb main amd64 threat-feed-meta.ns 1.393
2017-04-16 23:27:53 remove xenial deb main amd64 aupthreatfeeddeploy.ns 1.393
2017-04-16 23:27:53 remove xenial deb main amd64 rpmthreatfeeddeploy.ns 1.393
2017-04-16 23:27:54 remove xenial deb main amd64 threat-feed.ns 1.393
2017-04-16 23:27:54 remove xenial deb main amd64 threat-feed-meta.ns 1.393
2017-04-16 23:27:56 add xenial deb main amd64 aupthreatfeeddeploy.ns 1.394
2017-04-16 23:27:58 add xenial deb main amd64 rpmthreatfeeddeploy.ns 1.394
2017-04-16 23:28:00 add xenial deb main amd64 threat-feed.ns 1.394
2017-04-16 23:28:13 add xenial deb main amd64 threat-feed-meta.ns 1.394
2017-04-17 23:53:36 remove xenial deb main amd64 aupthreatfeeddeploy.ns 1.394
2017-04-17 23:53:37 remove xenial deb main amd64 rpmthreatfeeddeploy.ns 1.394
2017-04-17 23:53:37 remove xenial deb main amd64 threat-feed.ns 1.394
2017-04-17 23:53:38 remove xenial deb main amd64 threat-feed-meta.ns 1.394
2017-04-17 23:53:40 add xenial deb main amd64 aupthreatfeeddeploy.ns 1.395
2017-04-17 23:53:42 add xenial deb main amd64 rpmthreatfeeddeploy.ns 1.395
2017-04-17 23:53:44 add xenial deb main amd64 threat-feed.ns 1.395
2017-04-17 23:53:56 add xenial deb main amd64 threat-feed-meta.ns 1.395
2017-04-18 23:54:51 remove xenial deb main amd64 aupthreatfeeddeploy.ns 1.395
2017-04-18 23:54:51 remove xenial deb main amd64 rpmthreatfeeddeploy.ns 1.395
2017-04-18 23:54:52 remove xenial deb main amd64 threat-feed.ns 1.395
2017-04-18 23:54:52 remove xenial deb main amd64 threat-feed-meta.ns 1.395
2017-04-18 23:54:54 add xenial deb main amd64 aupthreatfeeddeploy.ns 1.396
2017-04-18 23:54:56 add xenial deb main amd64 rpmthreatfeeddeploy.ns 1.396
2017-04-18 23:54:58 add xenial deb main amd64 threat-feed.ns 1.396
2017-04-18 23:55:12 add xenial deb main amd64 threat-feed-meta.ns 1.396
2017-04-20 00:00:28 remove xenial deb main amd64 aupthreatfeeddeploy.ns 1.396
2017-04-20 00:00:28 remove xenial deb main amd64 rpmthreatfeeddeploy.ns 1.396
2017-04-20 00:00:29 remove xenial deb main amd64 threat-feed.ns 1.396
2017-04-20 00:00:29 remove xenial deb main amd64 threat-feed-meta.ns 1.396
2017-04-20 00:00:31 add xenial deb main amd64 aupthreatfeeddeploy.ns 1.397
2017-04-20 00:00:33 add xenial deb main amd64 rpmthreatfeeddeploy.ns 1.397
2017-04-20 00:00:36 add xenial deb main amd64 threat-feed.ns 1.397
2017-04-20 00:00:49 add xenial deb main amd64 threat-feed-meta.ns 1.397
2017-04-21 00:33:15 remove xenial deb main amd64 aupthreatfeeddeploy.ns 1.397
2017-04-21 00:33:16 remove xenial deb main amd64 rpmthreatfeeddeploy.ns 1.397
2017-04-21 00:33:16 remove xenial deb main amd64 threat-feed.ns 1.397
2017-04-21 00:33:17 remove xenial deb main amd64 threat-feed-meta.ns 1.397
2017-04-21 00:33:19 add xenial deb main amd64 aupthreatfeeddeploy.ns 1.398
2017-04-21 00:33:21 add xenial deb main amd64 rpmthreatfeeddeploy.ns 1.398
2017-04-21 00:33:23 add xenial deb main amd64 threat-feed.ns 1.398
2017-04-21 00:33:36 add xenial deb main amd64 threat-feed-meta.ns 1.398
2017-04-22 00:01:00 remove xenial deb main amd64 aupthreatfeeddeploy.ns 1.398
2017-04-22 00:01:01 remove xenial deb main amd64 rpmthreatfeeddeploy.ns 1.398
2017-04-22 00:01:01 remove xenial deb main amd64 threat-feed.ns 1.398
2017-04-22 00:01:02 remove xenial deb main amd64 threat-feed-meta.ns 1.398
2017-04-22 00:01:03 add xenial deb main amd64 aupthreatfeeddeploy.ns 1.399
2017-04-22 00:01:06 add xenial deb main amd64 rpmthreatfeeddeploy.ns 1.399
2017-04-22 00:01:08 add xenial deb main amd64 threat-feed.ns 1.399
2017-04-22 00:01:21 add xenial deb main amd64 threat-feed-meta.ns 1.399
2017-04-24 06:18:42 remove xenial deb main amd64 aupthreatfeeddeploy.ns 1.399
2017-04-24 06:18:42 remove xenial deb main amd64 rpmthreatfeeddeploy.ns 1.399
2017-04-24 06:18:43 remove xenial deb main amd64 threat-feed.ns 1.399
2017-04-24 06:18:43 remove xenial deb main amd64 threat-feed-meta.ns 1.399
2017-04-24 06:18:46 add xenial deb main amd64 aupthreatfeeddeploy.ns 1.403
2017-04-24 06:18:49 add xenial deb main amd64 rpmthreatfeeddeploy.ns 1.403
2017-04-24 06:18:51 add xenial deb main amd64 threat-feed.ns 1.403
2017-04-24 06:19:09 add xenial deb main amd64 threat-feed-meta.ns 1.403
2017-04-24 06:19:59 add xenial deb main amd64 global-hash-feed.ns 1.403
2017-04-25 03:58:34 remove xenial deb main amd64 aupthreatfeeddeploy.ns 1.403
2017-04-25 03:58:34 remove xenial deb main amd64 rpmthreatfeeddeploy.ns 1.403
2017-04-25 03:58:35 remove xenial deb main amd64 threat-feed.ns 1.403
2017-04-25 03:58:35 remove xenial deb main amd64 threat-feed-meta.ns 1.403
2017-04-25 03:58:36 remove xenial deb main amd64 global-hash-feed.ns 1.403
2017-04-25 03:58:38 add xenial deb main amd64 aupthreatfeeddeploy.ns 1.404
2017-04-25 03:58:40 add xenial deb main amd64 rpmthreatfeeddeploy.ns 1.404
2017-04-25 03:58:43 add xenial deb main amd64 threat-feed.ns 1.404
2017-04-25 03:58:58 add xenial deb main amd64 threat-feed-meta.ns 1.404
2017-04-25 03:59:50 add xenial deb main amd64 global-hash-feed.ns 1.404
2017-04-26 00:43:08 remove xenial deb main amd64 aupthreatfeeddeploy.ns 1.404
2017-04-26 00:43:09 remove xenial deb main amd64 rpmthreatfeeddeploy.ns 1.404
2017-04-26 00:43:09 remove xenial deb main amd64 threat-feed.ns 1.404
2017-04-26 00:43:10 remove xenial deb main amd64 threat-feed-meta.ns 1.404
2017-04-26 00:43:10 remove xenial deb main amd64 global-hash-feed.ns 1.404
2017-04-26 00:43:12 add xenial deb main amd64 aupthreatfeeddeploy.ns 1.405
2017-04-26 00:43:15 add xenial deb main amd64 rpmthreatfeeddeploy.ns 1.405
2017-04-26 00:43:17 add xenial deb main amd64 threat-feed.ns 1.405
2017-04-26 00:43:31 add xenial deb main amd64 threat-feed-meta.ns 1.405
2017-04-26 00:44:26 add xenial deb main amd64 global-hash-feed.ns 1.405
2017-04-27 01:00:48 remove xenial deb main amd64 aupthreatfeeddeploy.ns 1.405
2017-04-27 01:00:49 remove xenial deb main amd64 rpmthreatfeeddeploy.ns 1.405
2017-04-27 01:00:49 remove xenial deb main amd64 threat-feed.ns 1.405
2017-04-27 01:00:50 remove xenial deb main amd64 threat-feed-meta.ns 1.405
2017-04-27 01:00:50 remove xenial deb main amd64 global-hash-feed.ns 1.405
2017-04-27 01:00:53 add xenial deb main amd64 aupthreatfeeddeploy.ns 1.406
2017-04-27 01:00:55 add xenial deb main amd64 rpmthreatfeeddeploy.ns 1.406
2017-04-27 01:00:58 add xenial deb main amd64 threat-feed.ns 1.406
2017-04-27 01:01:14 add xenial deb main amd64 threat-feed-meta.ns 1.406
2017-04-27 01:02:08 add xenial deb main amd64 global-hash-feed.ns 1.406
2017-04-28 18:36:51 remove xenial deb main amd64 aupthreatfeeddeploy.ns 1.406
2017-04-28 18:36:51 remove xenial deb main amd64 rpmthreatfeeddeploy.ns 1.406
2017-04-28 18:36:52 remove xenial deb main amd64 threat-feed.ns 1.406
2017-04-28 18:36:52 remove xenial deb main amd64 threat-feed-meta.ns 1.406
2017-04-28 18:36:53 remove xenial deb main amd64 global-hash-feed.ns 1.406
2017-04-28 18:36:55 add xenial deb main amd64 aupthreatfeeddeploy.ns 1.407
2017-04-28 18:36:58 add xenial deb main amd64 rpmthreatfeeddeploy.ns 1.407
2017-04-28 18:37:00 add xenial deb main amd64 threat-feed.ns 1.407
2017-04-28 18:37:15 add xenial deb main amd64 threat-feed-meta.ns 1.407
2017-04-28 18:38:09 add xenial deb main amd64 global-hash-feed.ns 1.407
2017-04-29 19:59:37 remove xenial deb main amd64 aupthreatfeeddeploy.ns 1.407
2017-04-29 19:59:38 remove xenial deb main amd64 rpmthreatfeeddeploy.ns 1.407
2017-04-29 19:59:38 remove xenial deb main amd64 threat-feed.ns 1.407
2017-04-29 19:59:39 remove xenial deb main amd64 threat-feed-meta.ns 1.407
2017-04-29 19:59:39 remove xenial deb main amd64 global-hash-feed.ns 1.407
2017-04-29 19:59:41 add xenial deb main amd64 aupthreatfeeddeploy.ns 1.408
2017-04-29 19:59:44 add xenial deb main amd64 rpmthreatfeeddeploy.ns 1.408
2017-04-29 19:59:47 add xenial deb main amd64 threat-feed.ns 1.408
2017-04-29 20:00:13 add xenial deb main amd64 threat-feed-meta.ns 1.408
2017-04-29 20:01:01 add xenial deb main amd64 global-hash-feed.ns 1.408
2017-04-30 23:08:25 remove xenial deb main amd64 aupthreatfeeddeploy.ns 1.408
2017-04-30 23:08:26 remove xenial deb main amd64 rpmthreatfeeddeploy.ns 1.408
2017-04-30 23:08:26 remove xenial deb main amd64 threat-feed.ns 1.408
2017-04-30 23:08:27 remove xenial deb main amd64 threat-feed-meta.ns 1.408
2017-04-30 23:08:27 remove xenial deb main amd64 global-hash-feed.ns 1.408
2017-04-30 23:08:30 add xenial deb main amd64 aupthreatfeeddeploy.ns 1.409
2017-04-30 23:08:33 add xenial deb main amd64 rpmthreatfeeddeploy.ns 1.409
2017-04-30 23:08:35 add xenial deb main amd64 threat-feed.ns 1.409
2017-04-30 23:08:50 add xenial deb main amd64 threat-feed-meta.ns 1.409
2017-04-30 23:09:43 add xenial deb main amd64 global-hash-feed.ns 1.409
2017-05-01 15:21:14 remove xenial deb main amd64 aupthreatfeeddeploy.ns 1.409
2017-05-01 15:21:15 remove xenial deb main amd64 rpmthreatfeeddeploy.ns 1.409
2017-05-01 15:21:15 remove xenial deb main amd64 threat-feed.ns 1.409
2017-05-01 15:21:16 remove xenial deb main amd64 threat-feed-meta.ns 1.409
2017-05-01 15:21:16 remove xenial deb main amd64 global-hash-feed.ns 1.409
2017-05-01 15:21:19 add xenial deb main amd64 aupthreatfeeddeploy.ns 1.410
2017-05-01 15:21:21 add xenial deb main amd64 rpmthreatfeeddeploy.ns 1.410
2017-05-01 15:21:24 add xenial deb main amd64 threat-feed.ns 1.410
2017-05-01 15:21:41 add xenial deb main amd64 threat-feed-meta.ns 1.410
2017-05-01 15:22:36 add xenial deb main amd64 global-hash-feed.ns 1.410
2017-05-03 00:26:35 remove xenial deb main amd64 aupthreatfeeddeploy.ns 1.410
2017-05-03 00:26:36 remove xenial deb main amd64 rpmthreatfeeddeploy.ns 1.410
2017-05-03 00:26:36 remove xenial deb main amd64 threat-feed.ns 1.410
2017-05-03 00:26:37 remove xenial deb main amd64 threat-feed-meta.ns 1.410
2017-05-03 00:26:37 remove xenial deb main amd64 global-hash-feed.ns 1.410
2017-05-03 00:26:40 add xenial deb main amd64 aupthreatfeeddeploy.ns 1.411
2017-05-03 00:26:42 add xenial deb main amd64 rpmthreatfeeddeploy.ns 1.411
2017-05-03 00:26:45 add xenial deb main amd64 threat-feed.ns 1.411
2017-05-03 00:27:02 add xenial deb main amd64 threat-feed-meta.ns 1.411
2017-05-03 00:27:58 add xenial deb main amd64 global-hash-feed.ns 1.411
2017-05-04 01:01:47 remove xenial deb main amd64 aupthreatfeeddeploy.ns 1.411
2017-05-04 01:01:48 remove xenial deb main amd64 rpmthreatfeeddeploy.ns 1.411
2017-05-04 01:01:49 remove xenial deb main amd64 threat-feed.ns 1.411
2017-05-04 01:01:50 remove xenial deb main amd64 threat-feed-meta.ns 1.411
2017-05-04 01:01:51 remove xenial deb main amd64 global-hash-feed.ns 1.411
2017-05-04 01:01:55 add xenial deb main amd64 aupthreatfeeddeploy.ns 1.412
2017-05-04 01:01:59 add xenial deb main amd64 rpmthreatfeeddeploy.ns 1.412
2017-05-04 01:02:02 add xenial deb main amd64 threat-feed.ns 1.412
2017-05-04 01:02:19 add xenial deb main amd64 threat-feed-meta.ns 1.412
2017-05-04 01:03:15 add xenial deb main amd64 global-hash-feed.ns 1.412
2017-05-08 10:32:34 remove xenial deb main amd64 aupthreatfeeddeploy.ns 1.412
2017-05-08 10:32:35 remove xenial deb main amd64 rpmthreatfeeddeploy.ns 1.412
2017-05-08 10:32:35 remove xenial deb main amd64 threat-feed.ns 1.412
2017-05-08 10:32:36 remove xenial deb main amd64 threat-feed-meta.ns 1.412
2017-05-08 10:32:36 remove xenial deb main amd64 global-hash-feed.ns 1.412
2017-05-08 10:43:43 add xenial deb main amd64 aupthreatfeeddeploy.ns 1.415
2017-05-08 10:43:46 add xenial deb main amd64 rpmthreatfeeddeploy.ns 1.415
2017-05-08 10:43:49 add xenial deb main amd64 threat-feed.ns 1.415
2017-05-08 10:44:11 add xenial deb main amd64 threat-feed-meta.ns 1.415
2017-05-08 10:45:00 add xenial deb main amd64 global-hash-feed.ns 1.415
2017-05-09 02:19:18 remove xenial deb main amd64 aupthreatfeeddeploy.ns 1.415
2017-05-09 02:19:18 remove xenial deb main amd64 rpmthreatfeeddeploy.ns 1.415
2017-05-09 02:19:19 remove xenial deb main amd64 threat-feed.ns 1.415
2017-05-09 02:19:19 remove xenial deb main amd64 threat-feed-meta.ns 1.415
2017-05-09 02:19:20 remove xenial deb main amd64 global-hash-feed.ns 1.415
2017-05-09 02:19:22 add xenial deb main amd64 aupthreatfeeddeploy.ns 1.416
2017-05-09 02:19:25 add xenial deb main amd64 rpmthreatfeeddeploy.ns 1.416
2017-05-09 02:19:28 add xenial deb main amd64 threat-feed.ns 1.416
2017-05-09 02:19:52 add xenial deb main amd64 threat-feed-meta.ns 1.416
2017-05-09 02:20:40 add xenial deb main amd64 global-hash-feed.ns 1.416
2017-05-10 00:35:09 remove xenial deb main amd64 aupthreatfeeddeploy.ns 1.416
2017-05-10 00:35:09 remove xenial deb main amd64 rpmthreatfeeddeploy.ns 1.416
2017-05-10 00:35:10 remove xenial deb main amd64 threat-feed.ns 1.416
2017-05-10 00:35:10 remove xenial deb main amd64 threat-feed-meta.ns 1.416
2017-05-10 00:35:11 remove xenial deb main amd64 global-hash-feed.ns 1.416
2017-05-10 00:35:13 add xenial deb main amd64 aupthreatfeeddeploy.ns 1.417
2017-05-10 00:35:16 add xenial deb main amd64 rpmthreatfeeddeploy.ns 1.417
2017-05-10 00:35:19 add xenial deb main amd64 threat-feed.ns 1.417
2017-05-10 00:35:36 add xenial deb main amd64 threat-feed-meta.ns 1.417
2017-05-10 00:36:31 add xenial deb main amd64 global-hash-feed.ns 1.417
2017-05-11 09:13:09 remove xenial deb main amd64 aupthreatfeeddeploy.ns 1.417
2017-05-11 09:13:10 remove xenial deb main amd64 rpmthreatfeeddeploy.ns 1.417
2017-05-11 09:13:10 remove xenial deb main amd64 threat-feed.ns 1.417
2017-05-11 09:13:11 remove xenial deb main amd64 threat-feed-meta.ns 1.417
2017-05-11 09:13:11 remove xenial deb main amd64 global-hash-feed.ns 1.417
2017-05-11 09:13:14 add xenial deb main amd64 aupthreatfeeddeploy.ns 1.418
2017-05-11 09:13:17 add xenial deb main amd64 rpmthreatfeeddeploy.ns 1.418
2017-05-11 09:13:19 add xenial deb main amd64 threat-feed.ns 1.418
2017-05-11 09:13:36 add xenial deb main amd64 threat-feed-meta.ns 1.418
2017-05-11 09:14:29 add xenial deb main amd64 global-hash-feed.ns 1.418
2017-05-11 19:52:07 remove xenial deb main amd64 aupthreatfeeddeploy.ns 1.418
2017-05-11 19:52:07 remove xenial deb main amd64 rpmthreatfeeddeploy.ns 1.418
2017-05-11 19:52:08 remove xenial deb main amd64 threat-feed.ns 1.418
2017-05-11 19:52:08 remove xenial deb main amd64 threat-feed-meta.ns 1.418
2017-05-11 19:52:09 remove xenial deb main amd64 global-hash-feed.ns 1.418
2017-05-11 19:52:11 add xenial deb main amd64 aupthreatfeeddeploy.ns 1.419
2017-05-11 19:52:14 add xenial deb main amd64 rpmthreatfeeddeploy.ns 1.419
2017-05-11 19:52:16 add xenial deb main amd64 threat-feed.ns 1.419
2017-05-11 19:52:32 add xenial deb main amd64 threat-feed-meta.ns 1.419
2017-05-11 19:53:26 add xenial deb main amd64 global-hash-feed.ns 1.419
2017-05-13 06:11:14 remove xenial deb main amd64 aupthreatfeeddeploy.ns 1.419
2017-05-13 06:11:15 remove xenial deb main amd64 rpmthreatfeeddeploy.ns 1.419
2017-05-13 06:11:15 remove xenial deb main amd64 threat-feed.ns 1.419
2017-05-13 06:11:15 remove xenial deb main amd64 threat-feed-meta.ns 1.419
2017-05-13 06:11:16 remove xenial deb main amd64 global-hash-feed.ns 1.419
2017-05-13 06:11:18 add xenial deb main amd64 aupthreatfeeddeploy.ns 1.420
2017-05-13 06:11:21 add xenial deb main amd64 rpmthreatfeeddeploy.ns 1.420
2017-05-13 06:11:23 add xenial deb main amd64 threat-feed.ns 1.420
2017-05-13 06:11:38 add xenial deb main amd64 threat-feed-meta.ns 1.420
2017-05-13 06:12:29 add xenial deb main amd64 global-hash-feed.ns 1.420
2017-05-13 23:04:36 remove xenial deb main amd64 aupthreatfeeddeploy.ns 1.420
2017-05-13 23:04:37 remove xenial deb main amd64 rpmthreatfeeddeploy.ns 1.420
2017-05-13 23:04:37 remove xenial deb main amd64 threat-feed.ns 1.420
2017-05-13 23:04:38 remove xenial deb main amd64 threat-feed-meta.ns 1.420
2017-05-13 23:04:38 remove xenial deb main amd64 global-hash-feed.ns 1.420
2017-05-13 23:04:41 add xenial deb main amd64 aupthreatfeeddeploy.ns 1.421
2017-05-13 23:04:43 add xenial deb main amd64 rpmthreatfeeddeploy.ns 1.421
2017-05-13 23:04:46 add xenial deb main amd64 threat-feed.ns 1.421
2017-05-13 23:05:01 add xenial deb main amd64 threat-feed-meta.ns 1.421
2017-05-13 23:05:55 add xenial deb main amd64 global-hash-feed.ns 1.421
2017-05-15 01:09:58 remove xenial deb main amd64 aupthreatfeeddeploy.ns 1.421
2017-05-15 01:09:59 remove xenial deb main amd64 rpmthreatfeeddeploy.ns 1.421
2017-05-15 01:09:59 remove xenial deb main amd64 threat-feed.ns 1.421
2017-05-15 01:10:00 remove xenial deb main amd64 threat-feed-meta.ns 1.421
2017-05-15 01:10:00 remove xenial deb main amd64 global-hash-feed.ns 1.421
2017-05-15 01:10:03 add xenial deb main amd64 aupthreatfeeddeploy.ns 1.422
2017-05-15 01:10:05 add xenial deb main amd64 rpmthreatfeeddeploy.ns 1.422
2017-05-15 01:10:08 add xenial deb main amd64 threat-feed.ns 1.422
2017-05-15 01:10:24 add xenial deb main amd64 threat-feed-meta.ns 1.422
2017-05-15 01:11:18 add xenial deb main amd64 global-hash-feed.ns 1.422
2017-05-15 23:00:13 remove xenial deb main amd64 aupthreatfeeddeploy.ns 1.422
2017-05-15 23:00:13 remove xenial deb main amd64 rpmthreatfeeddeploy.ns 1.422
2017-05-15 23:00:14 remove xenial deb main amd64 threat-feed.ns 1.422
2017-05-15 23:00:14 remove xenial deb main amd64 threat-feed-meta.ns 1.422
2017-05-15 23:00:15 remove xenial deb main amd64 global-hash-feed.ns 1.422
2017-05-15 23:00:17 add xenial deb main amd64 aupthreatfeeddeploy.ns 1.423
2017-05-15 23:00:20 add xenial deb main amd64 rpmthreatfeeddeploy.ns 1.423
2017-05-15 23:00:22 add xenial deb main amd64 threat-feed.ns 1.423
2017-05-15 23:00:37 add xenial deb main amd64 threat-feed-meta.ns 1.423
2017-05-15 23:01:29 add xenial deb main amd64 global-hash-feed.ns 1.423
2017-05-17 04:54:00 remove xenial deb main amd64 aupthreatfeeddeploy.ns 1.423
2017-05-17 04:54:01 remove xenial deb main amd64 rpmthreatfeeddeploy.ns 1.423
2017-05-17 04:54:01 remove xenial deb main amd64 threat-feed.ns 1.423
2017-05-17 04:54:02 remove xenial deb main amd64 threat-feed-meta.ns 1.423
2017-05-17 04:54:02 remove xenial deb main amd64 global-hash-feed.ns 1.423
2017-05-17 04:54:04 add xenial deb main amd64 aupthreatfeeddeploy.ns 1.424
2017-05-17 04:54:07 add xenial deb main amd64 rpmthreatfeeddeploy.ns 1.424
2017-05-17 04:54:09 add xenial deb main amd64 threat-feed.ns 1.424
2017-05-17 04:54:22 add xenial deb main amd64 threat-feed-meta.ns 1.424
2017-05-17 04:55:14 add xenial deb main amd64 global-hash-feed.ns 1.424
2017-05-18 00:13:59 remove xenial deb main amd64 aupthreatfeeddeploy.ns 1.424
2017-05-18 00:13:59 remove xenial deb main amd64 rpmthreatfeeddeploy.ns 1.424
2017-05-18 00:14:00 remove xenial deb main amd64 threat-feed.ns 1.424
2017-05-18 00:14:00 remove xenial deb main amd64 threat-feed-meta.ns 1.424
2017-05-18 00:14:01 remove xenial deb main amd64 global-hash-feed.ns 1.424
2017-05-18 00:14:03 add xenial deb main amd64 aupthreatfeeddeploy.ns 1.425
2017-05-18 00:14:05 add xenial deb main amd64 rpmthreatfeeddeploy.ns 1.425
2017-05-18 00:14:08 add xenial deb main amd64 threat-feed.ns 1.425
2017-05-18 00:14:23 add xenial deb main amd64 threat-feed-meta.ns 1.425
2017-05-18 00:15:15 add xenial deb main amd64 global-hash-feed.ns 1.425
2017-05-19 15:42:29 remove xenial deb main amd64 aupthreatfeeddeploy.ns 1.425
2017-05-19 15:42:30 remove xenial deb main amd64 rpmthreatfeeddeploy.ns 1.425
2017-05-19 15:42:30 remove xenial deb main amd64 threat-feed.ns 1.425
2017-05-19 15:42:31 remove xenial deb main amd64 threat-feed-meta.ns 1.425
2017-05-19 15:42:31 remove xenial deb main amd64 global-hash-feed.ns 1.425
2017-05-19 15:42:33 add xenial deb main amd64 aupthreatfeeddeploy.ns 1.426
2017-05-19 15:42:36 add xenial deb main amd64 rpmthreatfeeddeploy.ns 1.426
2017-05-19 15:42:38 add xenial deb main amd64 threat-feed.ns 1.426
2017-05-19 15:42:53 add xenial deb main amd64 threat-feed-meta.ns 1.426
2017-05-19 15:43:47 add xenial deb main amd64 global-hash-feed.ns 1.426
2017-05-24 01:32:20 remove xenial deb main amd64 aupthreatfeeddeploy.ns 1.426
2017-05-24 01:32:21 remove xenial deb main amd64 rpmthreatfeeddeploy.ns 1.426
2017-05-24 01:32:21 remove xenial deb main amd64 threat-feed.ns 1.426
2017-05-24 01:32:22 remove xenial deb main amd64 threat-feed-meta.ns 1.426
2017-05-24 01:32:22 remove xenial deb main amd64 global-hash-feed.ns 1.426
2017-05-24 01:32:24 add xenial deb main amd64 aupthreatfeeddeploy.ns 1.430
2017-05-24 01:32:27 add xenial deb main amd64 rpmthreatfeeddeploy.ns 1.430
2017-05-24 01:32:30 add xenial deb main amd64 threat-feed.ns 1.430
2017-05-24 01:32:45 add xenial deb main amd64 threat-feed-meta.ns 1.430
2017-05-24 01:33:37 add xenial deb main amd64 global-hash-feed.ns 1.430
2017-05-25 00:06:26 remove xenial deb main amd64 aupthreatfeeddeploy.ns 1.430
2017-05-25 00:06:26 remove xenial deb main amd64 rpmthreatfeeddeploy.ns 1.430
2017-05-25 00:06:27 remove xenial deb main amd64 threat-feed.ns 1.430
2017-05-25 00:06:27 remove xenial deb main amd64 threat-feed-meta.ns 1.430
2017-05-25 00:06:28 remove xenial deb main amd64 global-hash-feed.ns 1.430
2017-05-25 00:06:30 add xenial deb main amd64 aupthreatfeeddeploy.ns 1.431
2017-05-25 00:06:32 add xenial deb main amd64 rpmthreatfeeddeploy.ns 1.431
2017-05-25 00:06:35 add xenial deb main amd64 threat-feed.ns 1.431
2017-05-25 00:06:48 add xenial deb main amd64 threat-feed-meta.ns 1.431
2017-05-25 00:07:34 add xenial deb main amd64 global-hash-feed.ns 1.431
2017-05-26 01:06:06 remove xenial deb main amd64 aupthreatfeeddeploy.ns 1.431
2017-05-26 01:06:06 remove xenial deb main amd64 rpmthreatfeeddeploy.ns 1.431
2017-05-26 01:06:07 remove xenial deb main amd64 threat-feed.ns 1.431
2017-05-26 01:06:07 remove xenial deb main amd64 threat-feed-meta.ns 1.431
2017-05-26 01:06:08 remove xenial deb main amd64 global-hash-feed.ns 1.431
2017-05-26 01:06:10 add xenial deb main amd64 aupthreatfeeddeploy.ns 1.432
2017-05-26 01:06:13 add xenial deb main amd64 rpmthreatfeeddeploy.ns 1.432
2017-05-26 01:06:15 add xenial deb main amd64 threat-feed.ns 1.432
2017-05-26 01:06:32 add xenial deb main amd64 threat-feed-meta.ns 1.432
2017-05-26 01:07:23 add xenial deb main amd64 global-hash-feed.ns 1.432
2017-05-27 02:27:11 remove xenial deb main amd64 aupthreatfeeddeploy.ns 1.432
2017-05-27 02:27:11 remove xenial deb main amd64 rpmthreatfeeddeploy.ns 1.432
2017-05-27 02:27:12 remove xenial deb main amd64 threat-feed.ns 1.432
2017-05-27 02:27:12 remove xenial deb main amd64 threat-feed-meta.ns 1.432
2017-05-27 02:27:13 remove xenial deb main amd64 global-hash-feed.ns 1.432
2017-05-27 02:27:15 add xenial deb main amd64 aupthreatfeeddeploy.ns 1.433
2017-05-27 02:27:17 add xenial deb main amd64 rpmthreatfeeddeploy.ns 1.433
2017-05-27 02:27:19 add xenial deb main amd64 threat-feed.ns 1.433
2017-05-27 02:27:34 add xenial deb main amd64 threat-feed-meta.ns 1.433
2017-05-27 02:28:21 add xenial deb main amd64 global-hash-feed.ns 1.433
2017-05-28 01:27:45 remove xenial deb main amd64 aupthreatfeeddeploy.ns 1.433
2017-05-28 01:27:46 remove xenial deb main amd64 rpmthreatfeeddeploy.ns 1.433
2017-05-28 01:27:46 remove xenial deb main amd64 threat-feed.ns 1.433
2017-05-28 01:27:47 remove xenial deb main amd64 threat-feed-meta.ns 1.433
2017-05-28 01:27:47 remove xenial deb main amd64 global-hash-feed.ns 1.433
2017-05-28 01:27:49 add xenial deb main amd64 aupthreatfeeddeploy.ns 1.434
2017-05-28 01:27:52 add xenial deb main amd64 rpmthreatfeeddeploy.ns 1.434
2017-05-28 01:27:54 add xenial deb main amd64 threat-feed.ns 1.434
2017-05-28 01:28:09 add xenial deb main amd64 threat-feed-meta.ns 1.434
2017-05-28 01:28:59 add xenial deb main amd64 global-hash-feed.ns 1.434
2017-05-29 01:55:30 remove xenial deb main amd64 aupthreatfeeddeploy.ns 1.434
2017-05-29 01:55:31 remove xenial deb main amd64 rpmthreatfeeddeploy.ns 1.434
2017-05-29 01:55:31 remove xenial deb main amd64 threat-feed.ns 1.434
2017-05-29 01:55:32 remove xenial deb main amd64 threat-feed-meta.ns 1.434
2017-05-29 01:55:32 remove xenial deb main amd64 global-hash-feed.ns 1.434
2017-05-29 01:55:35 add xenial deb main amd64 aupthreatfeeddeploy.ns 1.435
2017-05-29 01:55:37 add xenial deb main amd64 rpmthreatfeeddeploy.ns 1.435
2017-05-29 01:55:40 add xenial deb main amd64 threat-feed.ns 1.435
2017-05-29 01:55:57 add xenial deb main amd64 threat-feed-meta.ns 1.435
2017-05-29 01:56:39 add xenial deb main amd64 global-hash-feed.ns 1.435
2017-05-30 01:43:15 remove xenial deb main amd64 aupthreatfeeddeploy.ns 1.435
2017-05-30 01:43:16 remove xenial deb main amd64 rpmthreatfeeddeploy.ns 1.435
2017-05-30 01:43:16 remove xenial deb main amd64 threat-feed.ns 1.435
2017-05-30 01:43:16 remove xenial deb main amd64 threat-feed-meta.ns 1.435
2017-05-30 01:43:17 remove xenial deb main amd64 global-hash-feed.ns 1.435
2017-05-30 01:43:19 add xenial deb main amd64 aupthreatfeeddeploy.ns 1.436
2017-05-30 01:43:22 add xenial deb main amd64 rpmthreatfeeddeploy.ns 1.436
2017-05-30 01:43:24 add xenial deb main amd64 threat-feed.ns 1.436
2017-05-30 01:43:38 add xenial deb main amd64 threat-feed-meta.ns 1.436
2017-05-30 01:44:27 add xenial deb main amd64 global-hash-feed.ns 1.436
2017-05-31 00:47:15 remove xenial deb main amd64 aupthreatfeeddeploy.ns 1.436
2017-05-31 00:47:15 remove xenial deb main amd64 rpmthreatfeeddeploy.ns 1.436
2017-05-31 00:47:16 remove xenial deb main amd64 threat-feed.ns 1.436
2017-05-31 00:47:16 remove xenial deb main amd64 threat-feed-meta.ns 1.436
2017-05-31 00:47:17 remove xenial deb main amd64 global-hash-feed.ns 1.436
2017-05-31 00:47:19 add xenial deb main amd64 aupthreatfeeddeploy.ns 1.437
2017-05-31 00:47:22 add xenial deb main amd64 rpmthreatfeeddeploy.ns 1.437
2017-05-31 00:47:24 add xenial deb main amd64 threat-feed.ns 1.437
2017-05-31 00:47:38 add xenial deb main amd64 threat-feed-meta.ns 1.437
2017-05-31 00:48:33 add xenial deb main amd64 global-hash-feed.ns 1.437
2017-06-01 00:49:05 remove xenial deb main amd64 aupthreatfeeddeploy.ns 1.437
2017-06-01 00:49:05 remove xenial deb main amd64 rpmthreatfeeddeploy.ns 1.437
2017-06-01 00:49:06 remove xenial deb main amd64 threat-feed.ns 1.437
2017-06-01 00:49:06 remove xenial deb main amd64 threat-feed-meta.ns 1.437
2017-06-01 00:49:07 remove xenial deb main amd64 global-hash-feed.ns 1.437
2017-06-01 00:49:09 add xenial deb main amd64 aupthreatfeeddeploy.ns 1.438
2017-06-01 00:49:12 add xenial deb main amd64 rpmthreatfeeddeploy.ns 1.438
2017-06-01 00:49:14 add xenial deb main amd64 threat-feed.ns 1.438
2017-06-01 00:49:31 add xenial deb main amd64 threat-feed-meta.ns 1.438
2017-06-01 00:50:26 add xenial deb main amd64 global-hash-feed.ns 1.438
